2025-01-28 14:31:12,130 - my log - INFO - Guest watch list accessed
2025-01-28 14:31:18,277 - my log - INFO - Guest watch list accessed
2025-01-28 14:31:30,492 - my log - INFO - find book succeded!
2025-01-28 14:31:34,556 - my log - INFO - Guest watch list accessed
2025-01-28 14:31:37,494 - my log - INFO - Guest watch list accessed
2025-01-28 14:31:40,168 - my log - INFO - Guest watch list accessed
2025-01-28 14:31:40,721 - my log - INFO - Guest watch list accessed
2025-01-28 14:31:41,250 - my log - INFO - Guest watch list accessed
2025-01-28 14:31:41,488 - my log - INFO - Guest watch list accessed
2025-01-28 14:31:42,285 - my log - INFO - Guest watch list accessed
2025-01-28 14:31:42,899 - my log - INFO - Guest watch list accessed
2025-01-28 14:31:43,098 - my log - INFO - Guest watch list accessed
2025-01-28 14:31:43,641 - my log - INFO - Guest watch list accessed
2025-01-28 14:31:44,054 - my log - INFO - Guest watch list accessed
2025-01-28 14:31:44,256 - my log - INFO - Guest watch list accessed
2025-01-28 14:31:44,824 - my log - INFO - Guest watch list accessed
2025-01-28 14:31:58,784 - my log - INFO - Guest watch list accessed
2025-01-28 14:32:03,695 - my log - INFO - Guest watch list accessed
2025-01-28 14:32:22,255 - my log - INFO - Guest watch list accessed
2025-01-28 14:33:20,868 - my log - INFO - Login endpoint accessed
2025-01-28 14:33:21,221 - my log - INFO - Login successful for username: rotem
2025-01-28 14:33:21,235 - my log - INFO - Manager dashboard accessed by username: rotem
2025-01-28 14:33:21,238 - my log - INFO - Manager dashboard access granted for username: rotem
2025-01-28 14:33:21,408 - my log - INFO - Fetched all active loans
2025-01-28 14:33:21,409 - my log - INFO - Fetched all late loans
2025-01-28 14:33:21,413 - my log - INFO - Fetched 3 customers based on search filters
2025-01-28 14:33:42,587 - my log - INFO - Fetched 3 customers based on search filters
2025-01-28 14:33:42,588 - my log - INFO - Fetched all active loans
2025-01-28 14:33:42,589 - my log - INFO - Fetched all late loans
2025-01-28 14:33:43,092 - my log - INFO - Fetched 3 customers based on search filters
2025-01-28 14:33:43,094 - my log - INFO - Fetched all late loans
2025-01-28 14:33:43,113 - my log - INFO - Fetched all active loans
2025-01-28 14:33:43,651 - my log - INFO - Fetched all late loans
2025-01-28 14:33:43,654 - my log - INFO - Fetched 3 customers based on search filters
2025-01-28 14:33:43,656 - my log - INFO - Fetched all active loans
2025-01-28 14:33:44,038 - my log - INFO - Fetched 3 customers based on search filters
2025-01-28 14:33:44,039 - my log - INFO - Fetched all late loans
2025-01-28 14:33:44,042 - my log - INFO - Fetched all active loans
2025-01-28 14:33:44,575 - my log - INFO - Fetched 3 customers based on search filters
2025-01-28 14:33:44,576 - my log - INFO - Fetched all active loans
2025-01-28 14:33:44,586 - my log - INFO - Fetched all late loans
2025-01-28 14:33:45,076 - my log - INFO - Fetched all active loans
2025-01-28 14:33:45,076 - my log - INFO - Fetched 3 customers based on search filters
2025-01-28 14:33:45,082 - my log - INFO - Fetched all late loans
2025-01-28 14:33:45,278 - my log - INFO - Fetched 3 customers based on search filters
2025-01-28 14:33:45,289 - my log - INFO - Fetched all active loans
2025-01-28 14:33:45,290 - my log - INFO - Fetched all late loans
2025-01-28 14:33:45,854 - my log - INFO - Fetched 3 customers based on search filters
2025-01-28 14:33:45,858 - my log - INFO - Fetched all late loans
2025-01-28 14:33:45,860 - my log - INFO - Fetched all active loans
2025-01-28 14:33:46,343 - my log - INFO - Fetched 3 customers based on search filters
2025-01-28 14:33:46,345 - my log - INFO - Fetched all active loans
2025-01-28 14:33:46,347 - my log - INFO - Fetched all late loans
2025-01-28 14:33:46,879 - my log - INFO - Fetched 3 customers based on search filters
2025-01-28 14:33:46,885 - my log - INFO - Fetched all late loans
2025-01-28 14:33:46,892 - my log - INFO - Fetched all active loans
2025-01-28 14:34:08,997 - my log - INFO - Login endpoint accessed
2025-01-28 14:34:09,355 - my log - INFO - Login successful for username: orel
2025-01-28 14:34:09,374 - my log - INFO - User dashboard accessed by username: orel
2025-01-28 14:34:09,375 - my log - INFO - User dashboard access granted for username: orel
2025-01-28 14:34:10,094 - my log - INFO - findCustomersBooks accessed by username: orel
2025-01-28 14:34:10,102 - my log - INFO - Loaned books retrieved for username: orel
2025-01-28 14:40:03,528 - my log - INFO - Guest watch list accessed
2025-01-28 14:41:15,467 - my log - INFO - Login endpoint accessed
2025-01-28 14:41:15,775 - my log - INFO - Login successful for username: rotem
2025-01-28 14:41:15,785 - my log - INFO - Manager dashboard accessed by username: rotem
2025-01-28 14:41:15,788 - my log - INFO - Manager dashboard access granted for username: rotem
2025-01-28 14:41:15,922 - my log - INFO - Fetched all late loans
2025-01-28 14:41:15,922 - my log - INFO - Fetched 3 customers based on search filters
2025-01-28 14:41:15,923 - my log - INFO - Fetched all active loans
2025-01-28 14:42:04,170 - my log - INFO - find book succeded!
2025-01-28 14:43:00,324 - my log - INFO - Guest watch list accessed
